src/hooks/useAutoRefresh.test.ts(1,22): error TS6133: 'waitFor' is declared but its value is never read.
src/hooks/useDashboardData.test.ts(44,69): error TS2345: Argument of type '{ upcoming: { id: number; name: string; deadline: string; status: string; daysRemaining: number; }[]; overdue: never[]; }' is not assignable to parameter of type 'TimelineData'.
  Type '{ upcoming: { id: number; name: string; deadline: string; status: string; daysRemaining: number; }[]; overdue: never[]; }' is missing the following properties from type 'TimelineData': timeline, stats
src/hooks/useDashboardData.test.ts(57,61): error TS2345: Argument of type '{ totalExpeditions: number; activeExpeditions: number; completedExpeditions: number; totalProfit: number; averageCompletionTime: number; }' is not assignable to parameter of type 'AnalyticsData'.
  Type '{ totalExpeditions: number; activeExpeditions: number; completedExpeditions: number; totalProfit: number; averageCompletionTime: number; }' is missing the following properties from type 'AnalyticsData': overview, value_analysis, progress_analysis, timeline_analysis
src/hooks/useDashboardData.test.ts(71,63): error TS2345: Argument of type '{ upcoming: { id: number; name: string; deadline: string; status: string; daysRemaining: number; }[]; overdue: never[]; }' is not assignable to parameter of type 'TimelineData | PromiseLike<TimelineData>'.
src/hooks/useDashboardData.test.ts(74,63): error TS2345: Argument of type '{ totalExpeditions: number; activeExpeditions: number; completedExpeditions: number; totalProfit: number; averageCompletionTime: number; }' is not assignable to parameter of type 'AnalyticsData | PromiseLike<AnalyticsData>'.
src/hooks/useDashboardData.test.ts(132,69): error TS2345: Argument of type '{ upcoming: { id: number; name: string; deadline: string; status: string; daysRemaining: number; }[]; overdue: never[]; }' is not assignable to parameter of type 'TimelineData'.
  Type '{ upcoming: { id: number; name: string; deadline: string; status: string; daysRemaining: number; }[]; overdue: never[]; }' is missing the following properties from type 'TimelineData': timeline, stats
src/hooks/useDashboardData.test.ts(133,61): error TS2345: Argument of type '{ totalExpeditions: number; activeExpeditions: number; completedExpeditions: number; totalProfit: number; averageCompletionTime: number; }' is not assignable to parameter of type 'AnalyticsData'.
  Type '{ totalExpeditions: number; activeExpeditions: number; completedExpeditions: number; totalProfit: number; averageCompletionTime: number; }' is missing the following properties from type 'AnalyticsData': overview, value_analysis, progress_analysis, timeline_analysis
src/hooks/useDashboardData.test.ts(150,26): error TS2345: Argument of type '{ upcoming: { id: number; name: string; deadline: string; status: string; daysRemaining: number; }[]; overdue: never[]; }' is not assignable to parameter of type 'TimelineData'.
  Type '{ upcoming: { id: number; name: string; deadline: string; status: string; daysRemaining: number; }[]; overdue: never[]; }' is missing the following properties from type 'TimelineData': timeline, stats
src/hooks/useDashboardData.test.ts(153,26): error TS2345: Argument of type '{ totalExpeditions: number; activeExpeditions: number; completedExpeditions: number; totalProfit: number; averageCompletionTime: number; }' is not assignable to parameter of type 'AnalyticsData'.
  Type '{ totalExpeditions: number; activeExpeditions: number; completedExpeditions: number; totalProfit: number; averageCompletionTime: number; }' is missing the following properties from type 'AnalyticsData': overview, value_analysis, progress_analysis, timeline_analysis
src/hooks/useExpeditionCRUD.test.ts(25,67): error TS2345: Argument of type '{ id: number; name: string; description: string; status: string; created_at: string; deadline: string; items: never[]; }' is not assignable to parameter of type 'Expedition'.
  Property 'owner_chat_id' is missing in type '{ id: number; name: string; description: string; status: string; created_at: string; deadline: string; items: never[]; }' but required in type 'Expedition'.
src/hooks/useExpeditionCRUD.test.ts(32,9): error TS2353: Object literal may only specify known properties, and 'deadline_days' does not exist in type 'CreateExpeditionRequest'.
src/hooks/useExpeditionCRUD.test.ts(48,9): error TS2353: Object literal may only specify known properties, and 'deadline_days' does not exist in type 'CreateExpeditionRequest'.
src/hooks/useExpeditionCRUD.test.ts(59,67): error TS2345: Argument of type '{ id: number; name: string; description: string; status: string; created_at: string; deadline: string; items: never[]; }' is not assignable to parameter of type 'Expedition'.
  Property 'owner_chat_id' is missing in type '{ id: number; name: string; description: string; status: string; created_at: string; deadline: string; items: never[]; }' but required in type 'Expedition'.
src/hooks/useExpeditionCRUD.test.ts(66,9): error TS2353: Object literal may only specify known properties, and 'deadline_days' does not exist in type 'CreateExpeditionRequest'.
src/hooks/useExpeditionCRUD.test.ts(82,9): error TS2353: Object literal may only specify known properties, and 'deadline_days' does not exist in type 'CreateExpeditionRequest'.
src/hooks/useExpeditionCRUD.test.ts(92,73): error TS2345: Argument of type '{ status: string; id: number; name: string; description: string; created_at: string; deadline: string; items: never[]; }' is not assignable to parameter of type 'Expedition'.
  Property 'owner_chat_id' is missing in type '{ status: string; id: number; name: string; description: string; created_at: string; deadline: string; items: never[]; }' but required in type 'Expedition'.
src/hooks/useExpeditionCRUD.test.ts(158,9): error TS2353: Object literal may only specify known properties, and 'deadline_days' does not exist in type 'CreateExpeditionRequest'.
src/hooks/useExpeditionsList.test.ts(51,63): error TS2345: Argument of type '{ id: number; name: string; description: string; status: string; created_at: string; deadline: string; items: never[]; }[]' is not assignable to parameter of type 'Expedition[]'.
  Property 'owner_chat_id' is missing in type '{ id: number; name: string; description: string; status: string; created_at: string; deadline: string; items: never[]; }' but required in type 'Expedition'.
src/hooks/useExpeditionsList.test.ts(66,63): error TS2345: Argument of type '{ id: number; name: string; description: string; status: string; created_at: string; deadline: string; items: never[]; }[]' is not assignable to parameter of type 'Expedition[] | PromiseLike<Expedition[]>'.
  Type '{ id: number; name: string; description: string; status: string; created_at: string; deadline: string; items: never[]; }[]' is not assignable to type 'Expedition[]'.
    Property 'owner_chat_id' is missing in type '{ id: number; name: string; description: string; status: string; created_at: string; deadline: string; items: never[]; }' but required in type 'Expedition'.
src/hooks/useExpeditionsList.test.ts(83,63): error TS2345: Argument of type '{ id: number; name: string; description: string; status: string; created_at: string; deadline: string; items: never[]; }[]' is not assignable to parameter of type 'Expedition[]'.
  Property 'owner_chat_id' is missing in type '{ id: number; name: string; description: string; status: string; created_at: string; deadline: string; items: never[]; }' but required in type 'Expedition'.
src/hooks/useExpeditionsList.test.ts(112,35): error TS2345: Argument of type '{ id: number; name: string; description: string; status: string; created_at: string; deadline: string; items: never[]; }[]' is not assignable to parameter of type 'SetStateAction<Expedition[]>'.
  Type '{ id: number; name: string; description: string; status: string; created_at: string; deadline: string; items: never[]; }[]' is not assignable to type 'Expedition[]'.
    Property 'owner_chat_id' is missing in type '{ id: number; name: string; description: string; status: string; created_at: string; deadline: string; items: never[]; }' but required in type 'Expedition'.
src/hooks/useExpeditionsList.test.ts(122,30): error TS2345: Argument of type '{ id: number; name: string; description: string; status: string; created_at: string; deadline: string; items: never[]; }[]' is not assignable to parameter of type 'Expedition[]'.
  Property 'owner_chat_id' is missing in type '{ id: number; name: string; description: string; status: string; created_at: string; deadline: string; items: never[]; }' but required in type 'Expedition'.
